resolvers       | caches | path '/home/runner/.texlive2021/texmf-var' created

resolvers       | formats | executing runner 'run luatex format': /usr/bin/luatex --jobname="index" --fmt=/var/lib/texmf/luatex-cache/context/b47c3d3cee7cb6c86268d0595268c442/formats/luatex/cont-en.fmt --lua=/var/lib/texmf/luatex-cache/context/b47c3d3cee7cb6c86268d0595268c442/formats/luatex/cont-en.lui cont-yes.mkiv --c:currentrun=1 --c:fulljobname="web/index.tex" --c:input="web/index.tex" --c:kindofrun=1 --c:maxnofruns=9 --c:result="web/index.pdf" --c:texmfbinpath="/usr/bin"
This is LuaTeX, Version 1.14.0 (TeX Live 2022/dev/Debian) 
 system commands enabled.
open source     > level 1, order 1, name '/usr/share/texmf/tex/context/base/mkiv/cont-yes.mkiv'
system          > 
system          > ConTeXt  ver: 2021.03.05 19:11 MKIV  fmt: 2023.12.5  int: english/english
system          > 
system          > 'cont-new.mkiv' loaded
open source     > level 2, order 2, name '/usr/share/texmf/tex/context/base/mkiv/cont-new.mkiv'
system          > beware: some patches loaded from cont-new.mkiv
close source    > level 2, order 2, name '/usr/share/texmf/tex/context/base/mkiv/cont-new.mkiv'
system          > files > jobname 'index', input 'web/index', result 'web/index.pdf'
fonts           > latin modern fonts are not preloaded
languages       > language 'en' is active
open source     > level 2, order 3, name 'web/index.tex'
colors          > defining > unknown library 'hex'
open source     > level 3, order 4, name '/usr/share/texmf/tex/context/fonts/mkiv/type-imp-texgyre.mkiv'
close source    > level 3, order 4, name '/usr/share/texmf/tex/context/fonts/mkiv/type-imp-texgyre.mkiv'
fonts           > otf loading > loading '/usr/share/texmf/fonts/opentype/public/tex-gyre/texgyreheros-regular.otf', hash 'texgyreheros-regular'
fonts           > otf loading > loading done
fonts           > otf loading > saving '/usr/share/texmf/fonts/opentype/public/tex-gyre/texgyreheros-regular.otf' in cache
system          > lua > compiling '/home/runner/.texlive2021/texmf-var/luatex-cache/context/b47c3d3cee7cb6c86268d0595268c442/fonts/otl/texgyreheros-regular.tma' into '/home/runner/.texlive2021/texmf-var/luatex-cache/context/b47c3d3cee7cb6c86268d0595268c442/fonts/otl/texgyreheros-regular.tmc'
system          > lua > dumping '/home/runner/.texlive2021/texmf-var/luatex-cache/context/b47c3d3cee7cb6c86268d0595268c442/fonts/otl/texgyreheros-regular.tma' into '/home/runner/.texlive2021/texmf-var/luatex-cache/context/b47c3d3cee7cb6c86268d0595268c442/fonts/otl/texgyreheros-regular.tmc' stripped
fonts           > otf loading > loading, optimizing, packing and caching time 0.073
fonts           > otf loading > loading '/usr/share/texmf/fonts/opentype/public/lm-math/latinmodern-math.otf', hash 'latinmodern-math'
fonts           > otf loading > loading done
fonts           > otf loading > saving '/usr/share/texmf/fonts/opentype/public/lm-math/latinmodern-math.otf' in cache
system          > lua > compiling '/home/runner/.texlive2021/texmf-var/luatex-cache/context/b47c3d3cee7cb6c86268d0595268c442/fonts/otl/latinmodern-math.tma' into '/home/runner/.texlive2021/texmf-var/luatex-cache/context/b47c3d3cee7cb6c86268d0595268c442/fonts/otl/latinmodern-math.tmc'
system          > lua > dumping '/home/runner/.texlive2021/texmf-var/luatex-cache/context/b47c3d3cee7cb6c86268d0595268c442/fonts/otl/latinmodern-math.tma' into '/home/runner/.texlive2021/texmf-var/luatex-cache/context/b47c3d3cee7cb6c86268d0595268c442/fonts/otl/latinmodern-math.tmc' stripped
fonts           > otf loading > loading, optimizing, packing and caching time 0.209
structure       > sectioning > section @ level 3 : 0.0.1 -> Dr.~Stefanos Georgiou
fonts           > otf loading > loading '/usr/share/texmf/fonts/opentype/public/tex-gyre/texgyreheros-bold.otf', hash 'texgyreheros-bold'
fonts           > otf loading > loading done
fonts           > otf loading > saving '/usr/share/texmf/fonts/opentype/public/tex-gyre/texgyreheros-bold.otf' in cache
system          > lua > compiling '/home/runner/.texlive2021/texmf-var/luatex-cache/context/b47c3d3cee7cb6c86268d0595268c442/fonts/otl/texgyreheros-bold.tma' into '/home/runner/.texlive2021/texmf-var/luatex-cache/context/b47c3d3cee7cb6c86268d0595268c442/fonts/otl/texgyreheros-bold.tmc'
system          > lua > dumping '/home/runner/.texlive2021/texmf-var/luatex-cache/context/b47c3d3cee7cb6c86268d0595268c442/fonts/otl/texgyreheros-bold.tma' into '/home/runner/.texlive2021/texmf-var/luatex-cache/context/b47c3d3cee7cb6c86268d0595268c442/fonts/otl/texgyreheros-bold.tmc' stripped
fonts           > otf loading > loading, optimizing, packing and caching time 0.084
structure       > sectioning > subsection @ level 4 : 0.0.1.1 -> EDUCATION
fonts           > otf loading > loading '/usr/share/texmf/fonts/opentype/public/tex-gyre/texgyreheros-italic.otf', hash 'texgyreheros-italic'
fonts           > otf loading > loading done
fonts           > otf loading > saving '/usr/share/texmf/fonts/opentype/public/tex-gyre/texgyreheros-italic.otf' in cache
system          > lua > compiling '/home/runner/.texlive2021/texmf-var/luatex-cache/context/b47c3d3cee7cb6c86268d0595268c442/fonts/otl/texgyreheros-italic.tma' into '/home/runner/.texlive2021/texmf-var/luatex-cache/context/b47c3d3cee7cb6c86268d0595268c442/fonts/otl/texgyreheros-italic.tmc'
system          > lua > dumping '/home/runner/.texlive2021/texmf-var/luatex-cache/context/b47c3d3cee7cb6c86268d0595268c442/fonts/otl/texgyreheros-italic.tma' into '/home/runner/.texlive2021/texmf-var/luatex-cache/context/b47c3d3cee7cb6c86268d0595268c442/fonts/otl/texgyreheros-italic.tmc' stripped
fonts           > otf loading > loading, optimizing, packing and caching time 0.114
structure       > sectioning > subsection @ level 4 : 0.0.1.2 -> WORK
backend         > xmp > using file '/usr/share/texmf/tex/context/base/mkiv/lpdf-pdx.xml'
pages           > flushing realpage 1, userpage 1, subpage 1

Overfull \hbox (5.0299pt too wide) in paragraph at lines 241--246
 []<1: texgyreheros-regular @ 11.0pt> Sup-ported the prod-uct that fa-cil-i-tates fast web-sites de-vel-op-ment (by us-ing <10: texgyreheros-bold @ 11.0pt> Blockly<1: texgyreheros-regular @ 11.0pt> )
structure       > sectioning > subsection @ level 4 : 0.0.1.3 -> TECH SKILLSET
fonts           > otf loading > loading '/usr/share/texmf/fonts/opentype/public/tex-gyre/texgyreheros-bolditalic.otf', hash 'texgyreheros-bolditalic'
fonts           > otf loading > loading done
fonts           > otf loading > saving '/usr/share/texmf/fonts/opentype/public/tex-gyre/texgyreheros-bolditalic.otf' in cache
system          > lua > compiling '/home/runner/.texlive2021/texmf-var/luatex-cache/context/b47c3d3cee7cb6c86268d0595268c442/fonts/otl/texgyreheros-bolditalic.tma' into '/home/runner/.texlive2021/texmf-var/luatex-cache/context/b47c3d3cee7cb6c86268d0595268c442/fonts/otl/texgyreheros-bolditalic.tmc'
system          > lua > dumping '/home/runner/.texlive2021/texmf-var/luatex-cache/context/b47c3d3cee7cb6c86268d0595268c442/fonts/otl/texgyreheros-bolditalic.tma' into '/home/runner/.texlive2021/texmf-var/luatex-cache/context/b47c3d3cee7cb6c86268d0595268c442/fonts/otl/texgyreheros-bolditalic.tmc' stripped
fonts           > otf loading > loading, optimizing, packing and caching time 0.077
pages           > flushing realpage 2, userpage 2, subpage 2
fonts           > otf loading > loading '/usr/share/texmf/fonts/opentype/public/lm/lmmono10-regular.otf', hash 'lmmono10-regular'
fonts           > otf loading > loading done
fonts           > otf loading > saving '/usr/share/texmf/fonts/opentype/public/lm/lmmono10-regular.otf' in cache
system          > lua > compiling '/home/runner/.texlive2021/texmf-var/luatex-cache/context/b47c3d3cee7cb6c86268d0595268c442/fonts/otl/lmmono10-regular.tma' into '/home/runner/.texlive2021/texmf-var/luatex-cache/context/b47c3d3cee7cb6c86268d0595268c442/fonts/otl/lmmono10-regular.tmc'
system          > lua > dumping '/home/runner/.texlive2021/texmf-var/luatex-cache/context/b47c3d3cee7cb6c86268d0595268c442/fonts/otl/lmmono10-regular.tma' into '/home/runner/.texlive2021/texmf-var/luatex-cache/context/b47c3d3cee7cb6c86268d0595268c442/fonts/otl/lmmono10-regular.tmc' stripped
fonts           > otf loading > loading, optimizing, packing and caching time 0.032
structure       > sectioning > subsection @ level 4 : 0.0.1.4 -> RECOGNITIONS AND LANGUAGES
pages           > flushing realpage 3, userpage 3, subpage 3
close source    > level 2, order 4, name 'web/index.tex'
close source    > level 1, order 4, name '/usr/share/texmf/tex/context/base/mkiv/cont-yes.mkiv'

mkiv lua stats  > used config file: /usr/share/texmf/web2c/texmfcnf.lua;/usr/share/texlive/texmf-dist/web2c/texmfcnf.lua
mkiv lua stats  > used cache path: readable: '/var/lib/texmf/luatex-cache/context/b47c3d3cee7cb6c86268d0595268c442' | readable+writable: '/home/runner/.texlive2021/texmf-var/luatex-cache/context/b47c3d3cee7cb6c86268d0595268c442'
mkiv lua stats  > resource resolver: loadtime 0.013 seconds, 0 scans with scantime 0.000 seconds, 0 shared scans, 16 found files, scanned paths: <none>
mkiv lua stats  > stored bytecode data: 454 modules (0.169 sec), 96 tables (0.010 sec), 550 chunks (0.179 sec)
mkiv lua stats  > traced context: maxstack: 1420, freed: 0, unreachable: 1420
mkiv lua stats  > cleaned up reserved nodes: 66 nodes, 9 lists of 442
mkiv lua stats  > node memory usage: 14 attribute, 4 attribute_list, 1 glue, 51 glue_spec, 3 kern, 2 penalty, 2 temp, 2 user_defined
mkiv lua stats  > node list callback tasks: 8 unique task lists, 7 instances (re)created, 801 calls
mkiv lua stats  > h-node processing time: 0.011 seconds including kernel
mkiv lua stats  > used backend: pdf (backend for directly generating pdf output)
mkiv lua stats  > jobdata time: 0.001 seconds saving, 0.000 seconds loading
mkiv lua stats  > callbacks: internal: 1524, file: 751, direct: 2, late: 73, function 1343, total: 3693 (1231 per page)
mkiv lua stats  > randomizer: resumed with value 0.38339535240084
mkiv lua stats  > result saved in file: web/index.pdf.pdf, compresslevel 3, objectcompresslevel 1
mkiv lua stats  > loaded patterns: en::1, load time: 0.000
mkiv lua stats  > interactive elements: 50 references, 18 destinations
mkiv lua stats  > loaded fonts: 6 files: latinmodern-math.otf, lmmono10-regular.otf, texgyreheros-bold.otf, texgyreheros-bolditalic.otf, texgyreheros-italic.otf, texgyreheros-regular.otf
mkiv lua stats  > font engine: otf 3.113, afm 1.513, tfm 1.000, 15 instances, 7 shared in backend, 3 common vectors, 4 common hashes, load time 0.733 seconds 
mkiv lua stats  > pdf annotations: 50 links (50 unique), 0 special
mkiv lua stats  > used platform: linux-64, type: unix, binary subtree: usr
mkiv lua stats  > used engine: luatex version: 1.14, functionality level: 7439, banner: this is luatex, version 1.14.0 (tex live 2022/dev/debian)
mkiv lua stats  > used hash slots: 46840 of 65536 + 200000
mkiv lua stats  > lua properties: engine: lua 5.3, used memory: 103 MB, ctx: 102 MB, max: unknown MB, hash chars: min(64,40), symbol mask: utf (τεχ)
mkiv lua stats  > runtime: 1.069 seconds, 3 processed pages, 3 shipped pages, 2.806 pages/second

resolvers       | formats | executing runner 'run luatex format': /usr/bin/luatex --jobname="index" --fmt=/var/lib/texmf/luatex-cache/context/b47c3d3cee7cb6c86268d0595268c442/formats/luatex/cont-en.fmt --lua=/var/lib/texmf/luatex-cache/context/b47c3d3cee7cb6c86268d0595268c442/formats/luatex/cont-en.lui cont-yes.mkiv --c:currentrun=2 --c:fulljobname="web/index.tex" --c:input="web/index.tex" --c:kindofrun=2 --c:maxnofruns=9 --c:result="web/index.pdf" --c:texmfbinpath="/usr/bin"
This is LuaTeX, Version 1.14.0 (TeX Live 2022/dev/Debian) 
 system commands enabled.
open source     > level 1, order 1, name '/usr/share/texmf/tex/context/base/mkiv/cont-yes.mkiv'
system          > 
system          > ConTeXt  ver: 2021.03.05 19:11 MKIV  fmt: 2023.12.5  int: english/english
system          > 
system          > 'cont-new.mkiv' loaded
open source     > level 2, order 2, name '/usr/share/texmf/tex/context/base/mkiv/cont-new.mkiv'
system          > beware: some patches loaded from cont-new.mkiv
close source    > level 2, order 2, name '/usr/share/texmf/tex/context/base/mkiv/cont-new.mkiv'
system          > files > jobname 'index', input 'web/index', result 'web/index.pdf'
fonts           > latin modern fonts are not preloaded
languages       > language 'en' is active
open source     > level 2, order 3, name 'web/index.tex'
colors          > defining > unknown library 'hex'
open source     > level 3, order 4, name '/usr/share/texmf/tex/context/fonts/mkiv/type-imp-texgyre.mkiv'
close source    > level 3, order 4, name '/usr/share/texmf/tex/context/fonts/mkiv/type-imp-texgyre.mkiv'
structure       > sectioning > section @ level 3 : 0.0.1 -> Dr.~Stefanos Georgiou
structure       > sectioning > subsection @ level 4 : 0.0.1.1 -> EDUCATION
structure       > sectioning > subsection @ level 4 : 0.0.1.2 -> WORK
backend         > xmp > using file '/usr/share/texmf/tex/context/base/mkiv/lpdf-pdx.xml'
pages           > flushing realpage 1, userpage 1, subpage 1

Overfull \hbox (5.0299pt too wide) in paragraph at lines 241--246
 []<1: texgyreheros-regular @ 11.0pt> Sup-ported the prod-uct that fa-cil-i-tates fast web-sites de-vel-op-ment (by us-ing <10: texgyreheros-bold @ 11.0pt> Blockly<1: texgyreheros-regular @ 11.0pt> )
structure       > sectioning > subsection @ level 4 : 0.0.1.3 -> TECH SKILLSET
pages           > flushing realpage 2, userpage 2, subpage 2
structure       > sectioning > subsection @ level 4 : 0.0.1.4 -> RECOGNITIONS AND LANGUAGES
pages           > flushing realpage 3, userpage 3, subpage 3
close source    > level 2, order 4, name 'web/index.tex'
close source    > level 1, order 4, name '/usr/share/texmf/tex/context/base/mkiv/cont-yes.mkiv'

mkiv lua stats  > used config file: /usr/share/texmf/web2c/texmfcnf.lua;/usr/share/texlive/texmf-dist/web2c/texmfcnf.lua
mkiv lua stats  > used cache path: readable: '/var/lib/texmf/luatex-cache/context/b47c3d3cee7cb6c86268d0595268c442' | readable+writable: '/home/runner/.texlive2021/texmf-var/luatex-cache/context/b47c3d3cee7cb6c86268d0595268c442'
mkiv lua stats  > resource resolver: loadtime 0.013 seconds, 0 scans with scantime 0.000 seconds, 0 shared scans, 16 found files, scanned paths: <none>
mkiv lua stats  > stored bytecode data: 454 modules (0.162 sec), 96 tables (0.010 sec), 550 chunks (0.172 sec)
mkiv lua stats  > traced context: maxstack: 1420, freed: 0, unreachable: 1420
mkiv lua stats  > cleaned up reserved nodes: 66 nodes, 9 lists of 442
mkiv lua stats  > node memory usage: 14 attribute, 4 attribute_list, 1 glue, 51 glue_spec, 3 kern, 2 penalty, 2 temp, 2 user_defined
mkiv lua stats  > node list callback tasks: 8 unique task lists, 7 instances (re)created, 801 calls
mkiv lua stats  > h-node processing time: 0.011 seconds including kernel
mkiv lua stats  > used backend: pdf (backend for directly generating pdf output)
mkiv lua stats  > jobdata time: 0.001 seconds saving, 0.000 seconds loading
mkiv lua stats  > callbacks: internal: 1524, file: 751, direct: 2, late: 73, function 1343, total: 3693 (1231 per page)
mkiv lua stats  > randomizer: resumed with value 0.38339535240084
mkiv lua stats  > result saved in file: web/index.pdf.pdf, compresslevel 3, objectcompresslevel 1
mkiv lua stats  > loaded patterns: en::1, load time: 0.000
mkiv lua stats  > interactive elements: 50 references, 18 destinations
mkiv lua stats  > loaded fonts: 6 files: latinmodern-math.otf, lmmono10-regular.otf, texgyreheros-bold.otf, texgyreheros-bolditalic.otf, texgyreheros-italic.otf, texgyreheros-regular.otf
mkiv lua stats  > font engine: otf 3.113, afm 1.513, tfm 1.000, 15 instances, 7 shared in backend, 3 common vectors, 4 common hashes, load time 0.152 seconds 
mkiv lua stats  > pdf annotations: 50 links (50 unique), 0 special
mkiv lua stats  > used platform: linux-64, type: unix, binary subtree: usr
mkiv lua stats  > used engine: luatex version: 1.14, functionality level: 7439, banner: this is luatex, version 1.14.0 (tex live 2022/dev/debian)
mkiv lua stats  > used hash slots: 46839 of 65536 + 200000
mkiv lua stats  > lua properties: engine: lua 5.3, used memory: 96 MB, ctx: 96 MB, max: unknown MB, hash chars: min(64,40), symbol mask: utf (τεχ)
mkiv lua stats  > runtime: 0.480 seconds, 3 processed pages, 3 shipped pages, 6.250 pages/second
mtx-context     |
mtx-context     | results are to be on the running path, not on 'web', ignoring --result
mtx-context     |
system          | total runtime: 1.972 seconds

