open source     > level 1, order 1, name '/usr/share/texmf/tex/context/base/mkiv/cont-yes.mkiv'
system          > 
system          > ConTeXt  ver: 2019.03.21 21:39 MKIV beta  fmt: 2021.1.16  int: english/english
system          > 
system          > 'cont-new.mkiv' loaded
open source     > level 2, order 2, name '/usr/share/texmf/tex/context/base/mkiv/cont-new.mkiv'
system          > beware: some patches loaded from cont-new.mkiv
close source    > level 2, order 2, name '/usr/share/texmf/tex/context/base/mkiv/cont-new.mkiv'
system          > files > jobname 'index', input 'web/index', result 'web/index.pdf'
fonts           > latin modern fonts are not preloaded
languages       > language 'en' is active
open source     > level 2, order 3, name 'web/index.tex'
colors          > defining > unknown library 'hex'
open source     > level 3, order 4, name '/usr/share/texmf/tex/context/fonts/mkiv/type-imp-texgyre.mkiv'
close source    > level 3, order 4, name '/usr/share/texmf/tex/context/fonts/mkiv/type-imp-texgyre.mkiv'
structure       > sectioning > section @ level 3 : 0.0.1 -> Stefanos Georgiou
structure       > sectioning > subsection @ level 4 : 0.0.1.1 -> Education
structure       > sectioning > subsection @ level 4 : 0.0.1.2 -> Research Publications

Overfull \hbox (0.19981pt too wide) in paragraph at lines 165--172
 [][][] <10: texgyreheros-bold @ 11.0pt> Ste-fanos Geor-giou<1: texgyreheros-regular @ 11.0pt> *, Maria Kecha-gia, Tushar Sharma, Fed-er-ica Sarro, and Jenny Zou. Green

\hbox(11.62192+4.51962)x483.69687, glue set - 1.0, direction TLT
.\glue(\leftskip) 33.00476
.\localpar
..\localinterlinepenalty=0
..\localbrokenpenalty=0
..\localleftbox=null
..\localrightbox=null
.\hbox(0.0+0.0)x0.0, direction TLT
.\hbox(11.62192+4.51962)x0.0, glue set - 16.50238fil, direction TLT
..\glue 0.0 plus 1.0fil minus 1.0fil
..\hbox(11.62192+4.51962)x16.50238, direction TLT
...\hbox(11.62192+4.51962)x16.50238, glue set 10.3855fil, direction TLT []
.\boundary=1
.etc.

backend         > xmp > using file '/usr/share/texmf/tex/context/base/mkiv/lpdf-pdx.xml'
pages           > flushing realpage 1, userpage 1, subpage 1

Overfull \hbox (8.61821pt too wide) in paragraph at lines 201--207
 [][][] <10: texgyreheros-bold @ 11.0pt> Ste-fanos Geor-giou <1: texgyreheros-regular @ 11.0pt> and Dio-midis Spinel-lis. Energy-Delay In-ves-ti-ga-tion of Re-mote Inter-Process

\hbox(11.62192+4.51962)x483.69687, glue set - 1.0, direction TLT
.\glue(\leftskip) 33.00476
.\localpar
..\localinterlinepenalty=0
..\localbrokenpenalty=0
..\localleftbox=null
..\localrightbox=null
.\hbox(0.0+0.0)x0.0, direction TLT
.\hbox(11.62192+4.51962)x0.0, glue set - 16.50238fil, direction TLT
..\glue 0.0 plus 1.0fil minus 1.0fil
..\hbox(11.62192+4.51962)x16.50238, direction TLT
...\hbox(11.62192+4.51962)x16.50238, glue set 10.3855fil, direction TLT []
.\boundary=1
.etc.

structure       > sectioning > subsection @ level 4 : 0.0.1.3 -> Organization Services
structure       > sectioning > subsection @ level 4 : 0.0.1.4 -> Invited Talks
structure       > sectioning > subsection @ level 4 : 0.0.1.5 -> Teaching Experience
pages           > flushing realpage 2, userpage 2, subpage 2
structure       > sectioning > subsection @ level 4 : 0.0.1.6 -> Industrial Experience

Overfull \hbox (10.04007pt too wide) in paragraph at lines 301--304
 []<10: texgyreheros-bold @ 11.0pt> Back-end de-vel-oper, De-vOps, and In-te-gra-tions: All-Can-Code Inc. Greek Branch 

\hbox(11.62192+4.51962)x483.69687, glue set - 1.0, direction TLT
.\glue(\leftskip) 91.0488
.\localpar
..\localinterlinepenalty=0
..\localbrokenpenalty=0
..\localleftbox=null
..\localrightbox=null
.\hbox(11.62192+4.51962)x0.0, glue set - 91.0488fil, direction TLT
..\glue 0.0 plus 1.0fil minus 1.0fil
..\hbox(11.62192+4.51962)x91.0488, direction TLT
...\hbox(11.62192+4.51962)x91.0488, glue set 39.83385fil, direction TLT []
.\penalty 10000
.<10: texgyreheros-bold @ 11.0pt> B
.etc.

structure       > sectioning > subsection @ level 4 : 0.0.1.7 -> Technical Experience
pages           > flushing realpage 3, userpage 3, subpage 3

Overfull \hbox (1.65393pt too wide) in paragraph at lines 385--387
 []<1: texgyreheros-regular @ 11.0pt> Code Qual-ity (Cov-er-alls, maven-plugins, Style-Checkers, Re-ports, and pre-commit

\hbox(8.21819+2.39835)x483.69687, glue set - 1.0, direction TLT
.\glue(\leftskip) 91.0488
.\localpar
..\localinterlinepenalty=0
..\localbrokenpenalty=0
..\localleftbox=null
..\localrightbox=null
.\hbox(0.0+0.0)x0.0, direction TLT
.<1: texgyreheros-regular @ 11.0pt> C
.<1: texgyreheros-regular @ 11.0pt> o
.etc.


Overfull \hbox (7.02754pt too wide) in paragraph at lines 396--399
 []<1: texgyreheros-regular @ 11.0pt> Epi-dose: A privacy-preserving epi-demic dosime-ter based on con-tact trac-ing <10: texgyreheros-bold @ 11.0pt> Repos-

\hbox(11.62192+4.51962)x483.69687, glue set - 1.0, direction TLT
.\glue(\leftskip) 91.0488
.\localpar
..\localinterlinepenalty=0
..\localbrokenpenalty=0
..\localleftbox=null
..\localrightbox=null
.\hbox(11.62192+4.51962)x0.0, glue set - 91.0488fil, direction TLT
..\glue 0.0 plus 1.0fil minus 1.0fil
..\hbox(11.62192+4.51962)x91.0488, direction TLT
...\hbox(11.62192+4.51962)x91.0488, glue set 39.83385fil, direction TLT []
.\penalty 10000
.<1: texgyreheros-regular @ 11.0pt> E
.etc.

structure       > sectioning > subsection @ level 4 : 0.0.1.8 -> Grands, Awards, Achievements, Languages, and Living Abroad
pages           > flushing realpage 4, userpage 4, subpage 4
structure       > sectioning > subsection @ level 4 : 0.0.1.9 -> My Academic Tree
pages           > flushing realpage 5, userpage 5, subpage 5
close source    > level 2, order 4, name 'web/index.tex'
close source    > level 1, order 4, name '/usr/share/texmf/tex/context/base/mkiv/cont-yes.mkiv'

system          > start used files

system          > text: index

system          > stop used files


system          > start used files

system          >    1: filename=char-prv.lua filetype=tex format=tex foundname=/usr/share/texmf/tex/context/base/mkiv/char-prv.lua fullname=/usr/share/texmf/tex/context/base/mkiv/char-prv.lua usedmethod=database
system          >    2: filename=cont-yes.mkiv filetype=tex foundname=/usr/share/texmf/tex/context/base/mkiv/cont-yes.mkiv fullname=/usr/share/texmf/tex/context/base/mkiv/cont-yes.mkiv usedmethod=database
system          >    3: filename=publ-imp-default.lua filetype=lua foundname=/usr/share/texmf/tex/context/base/mkiv/publ-imp-default.lua fullname=/usr/share/texmf/tex/context/base/mkiv/publ-imp-default.lua usedmethod=database
system          >    4: filename=cont-new.mkiv filetype=tex foundname=/usr/share/texmf/tex/context/base/mkiv/cont-new.mkiv fullname=/usr/share/texmf/tex/context/base/mkiv/cont-new.mkiv usedmethod=database
system          >    5: filename=lang-exc.lua filetype=lua foundname=/usr/share/texmf/tex/context/base/mkiv/lang-exc.lua fullname=/usr/share/texmf/tex/context/base/mkiv/lang-exc.lua usedmethod=database
system          >    6: filename=lang-us.lua filetype=lua foundname=/usr/share/texmf/tex/context/patterns/mkiv/lang-us.lua fullname=/usr/share/texmf/tex/context/patterns/mkiv/lang-us.lua usedmethod=database
system          >    7: filename=web/index.tex foundname=web/index.tex fullname=/home/sgeorgiou/GitHub/my_curriculum_vitae/web/index.tex usedmethod=direct
system          >    8: filename=type-imp-texgyre.mkiv filetype=tex foundname=/usr/share/texmf/tex/context/fonts/mkiv/type-imp-texgyre.mkiv fullname=/usr/share/texmf/tex/context/fonts/mkiv/type-imp-texgyre.mkiv usedmethod=database
system          >    9: filename=lm.lfg filetype=tex foundname=/usr/share/texmf/tex/context/fonts/mkiv/lm.lfg fullname=/usr/share/texmf/tex/context/fonts/mkiv/lm.lfg usedmethod=database
system          >   10: filename=texgyreheros-regular filetype=otf format=otf foundname=/usr/share/texmf/fonts/opentype/public/tex-gyre/texgyreheros-regular.otf fullname=/usr/share/texmf/fonts/opentype/public/tex-gyre/texgyreheros-regular.otf usedmethod=database
system          >   11: filename=latinmodern-math.otf filetype=opentypefonts foundname=/usr/share/texmf/fonts/opentype/public/lm-math/latinmodern-math.otf fullname=/usr/share/texmf/fonts/opentype/public/lm-math/latinmodern-math.otf usedmethod=database
system          >   12: filename=texgyreheros-bold filetype=otf format=otf foundname=/usr/share/texmf/fonts/opentype/public/tex-gyre/texgyreheros-bold.otf fullname=/usr/share/texmf/fonts/opentype/public/tex-gyre/texgyreheros-bold.otf usedmethod=database
system          >   13: filename=texgyreheros-italic filetype=otf format=otf foundname=/usr/share/texmf/fonts/opentype/public/tex-gyre/texgyreheros-italic.otf fullname=/usr/share/texmf/fonts/opentype/public/tex-gyre/texgyreheros-italic.otf usedmethod=database
system          >   14: filename=pdftex.map filetype=map format=map foundname=/var/lib/texmf/fonts/map/pdftex/updmap/pdftex.map fullname=/var/lib/texmf/fonts/map/pdftex/updmap/pdftex.map usedmethod=database
system          >   15: filename=lpdf-pdx.xml filetype=tex foundname=/usr/share/texmf/tex/context/base/mkiv/lpdf-pdx.xml fullname=/usr/share/texmf/tex/context/base/mkiv/lpdf-pdx.xml usedmethod=database
system          >   16: filename=texgyreheros-bolditalic filetype=otf format=otf foundname=/usr/share/texmf/fonts/opentype/public/tex-gyre/texgyreheros-bolditalic.otf fullname=/usr/share/texmf/fonts/opentype/public/tex-gyre/texgyreheros-bolditalic.otf usedmethod=database
system          >   17: filename=lmmono10-regular filetype=otf format=otf foundname=/usr/share/texmf/fonts/opentype/public/lm/lmmono10-regular.otf fullname=/usr/share/texmf/fonts/opentype/public/lm/lmmono10-regular.otf usedmethod=database

system          > stop used files


system          > start commandline options

system          > currentrun="2"
system          > fulljobname="web/index.tex"
system          > input="web/index.tex"
system          > kindofrun="2"
system          > maxnofruns="9"
system          > result="web/index.pdf"
system          > texmfbinpath="/usr/bin"

system          > stop commandline options


system          > start commandline files

system          >    1: web/index.tex

system          > stop commandline files


modules         > start used modules


modules         > stop used modules


mkiv lua stats  > used config file: /usr/share/texmf/web2c/texmfcnf.lua;/usr/share/texlive/texmf-dist/web2c/texmfcnf.lua
mkiv lua stats  > used cache path: readable: '/var/lib/texmf/luatex-cache/context/b47c3d3cee7cb6c86268d0595268c442' | readable+writable: '/home/sgeorgiou/.texlive2019/texmf-var/luatex-cache/context/b47c3d3cee7cb6c86268d0595268c442'
mkiv lua stats  > resource resolver: loadtime 0.115 seconds, 0 scans with scantime 0.000 seconds, 0 shared scans, 17 found files, scanned paths: <none>
mkiv lua stats  > stored bytecode data: 443 modules (0.257 sec), 93 tables (0.009 sec), 536 chunks (0.265 sec)
mkiv lua stats  > traced context: maxstack: 1369, freed: 0, unreachable: 1369
mkiv lua stats  > cleaned up reserved nodes: 62 nodes, 9 lists of 440
mkiv lua stats  > node memory usage: 1 glue, 3 kern, 2 penalty, 14 attribute, 50 glue_spec, 4 attribute_list, 2 temp, 2 user_defined
mkiv lua stats  > node list callback tasks: 8 unique task lists, 7 instances (re)created, 1243 calls
mkiv lua stats  > h-node processing time: 0.016 seconds including kernel
mkiv lua stats  > driver time: 0.062 seconds 
mkiv lua stats  > used backend: pdf (backend for directly generating pdf output)
mkiv lua stats  > jobdata time: 0.002 seconds saving, 0.001 seconds loading
mkiv lua stats  > callbacks: internal: 2217, file: 946, direct: 2, late: 112, function 1572, total: 4849 (1212 per page)
mkiv lua stats  > randomizer: resumed with value 0.10956840123981
mkiv lua stats  > result saved in file: web/index.pdf.pdf, compresslevel 3, objectcompresslevel 1
mkiv lua stats  > loaded patterns: en::1, load time: 0.000
mkiv lua stats  > interactive elements: 72 references, 30 destinations
mkiv lua stats  > loaded fonts: 6 files: latinmodern-math.otf, lmmono10-regular.otf, texgyreheros-bold.otf, texgyreheros-bolditalic.otf, texgyreheros-italic.otf, texgyreheros-regular.otf
mkiv lua stats  > font engine: otf 3.107, afm 1.513, tfm 1.000, 15 instances, 7 shared in backend, 3 common vectors, 4 common hashes, load time 0.154 seconds 
mkiv lua stats  > pdf annotations: 72 links (72 unique), 0 special
mkiv lua stats  > used platform: linux-64, type: unix, binary subtree: usr
mkiv lua stats  > used engine: luatex version 1.1 with functionality level 7127, banner: this is luatex, version 1.10.0 (tex live 2019/debian)
mkiv lua stats  > control sequences: 45571 of 65536 + 100000
mkiv lua stats  > lua properties: engine: lua 5.3, used memory: 157 MB (ctx: 157 MB), hash chars: min(64,40), symbol mask: utf (τεχ)
mkiv lua stats  > runtime: 0.641 seconds, 5 processed pages, 5 shipped pages, 7.800 pages/second

