
resolvers       | formats | executing runner 'run luatex format': /usr/bin/luatex --jobname="index_academia" --fmt=/var/lib/texmf/luatex-cache/context/b47c3d3cee7cb6c86268d0595268c442/formats/luatex/cont-en.fmt --lua=/var/lib/texmf/luatex-cache/context/b47c3d3cee7cb6c86268d0595268c442/formats/luatex/cont-en.lui cont-yes.mkiv --c:currentrun=1 --c:fulljobname="web/index_academia.tex" --c:input="web/index_academia.tex" --c:kindofrun=1 --c:maxnofruns=9 --c:result="web/index_academia.pdf" --c:texmfbinpath="/usr/bin"
This is LuaTeX, Version 1.12.0 (TeX Live 2020/Debian) 
 system commands enabled.
open source     > level 1, order 1, name '/usr/share/texmf/tex/context/base/mkiv/cont-yes.mkiv'
system          > 
system          > ConTeXt  ver: 2020.03.10 14:44 MKIV beta  fmt: 2022.4.7  int: english/english
system          > 
system          > 'cont-new.mkiv' loaded
open source     > level 2, order 2, name '/usr/share/texmf/tex/context/base/mkiv/cont-new.mkiv'
system          > beware: some patches loaded from cont-new.mkiv
close source    > level 2, order 2, name '/usr/share/texmf/tex/context/base/mkiv/cont-new.mkiv'
system          > files > jobname 'index_academia', input 'web/index_academia', result 'web/index_academia.pdf'
fonts           > latin modern fonts are not preloaded
languages       > language 'en' is active
open source     > level 2, order 3, name 'web/index_academia.tex'
colors          > defining > unknown library 'hex'
open source     > level 3, order 4, name '/usr/share/texmf/tex/context/fonts/mkiv/type-imp-texgyre.mkiv'
close source    > level 3, order 4, name '/usr/share/texmf/tex/context/fonts/mkiv/type-imp-texgyre.mkiv'
structure       > sectioning > section @ level 3 : 0.0.1 -> Stefanos Georgiou
structure       > sectioning > subsection @ level 4 : 0.0.1.1 -> Education
structure       > sectioning > subsection @ level 4 : 0.0.1.2 -> Research Publications

Overfull \hbox (0.19981pt too wide) in paragraph at lines 161--169
 [][][] <10: texgyreheros-bold @ 11.0pt> Ste-fanos Geor-giou<1: texgyreheros-regular @ 11.0pt> *, Maria Kecha-gia, Tushar Sharma, Fed-er-ica Sarro, and Jenny Zou. Green
backend         > xmp > using file '/usr/share/texmf/tex/context/base/mkiv/lpdf-pdx.xml'
pages           > flushing realpage 1, userpage 1, subpage 1

Overfull \hbox (8.61821pt too wide) in paragraph at lines 198--204
 [][][] <10: texgyreheros-bold @ 11.0pt> Ste-fanos Geor-giou <1: texgyreheros-regular @ 11.0pt> and Dio-midis Spinel-lis. Energy-Delay In-ves-ti-ga-tion of Re-mote Inter-Process
structure       > sectioning > subsection @ level 4 : 0.0.1.3 -> Organization Services
structure       > sectioning > subsection @ level 4 : 0.0.1.4 -> Invited Talks
pages           > flushing realpage 2, userpage 2, subpage 2
structure       > sectioning > subsection @ level 4 : 0.0.1.5 -> Teaching Experience
structure       > sectioning > subsection @ level 4 : 0.0.1.6 -> Experience from Industry

Overfull \hbox (10.04007pt too wide) in paragraph at lines 324--327
 []<10: texgyreheros-bold @ 11.0pt> Back-end de-vel-oper, De-vOps, and In-te-gra-tions: All-Can-Code Inc. Greek Branch 
pages           > flushing realpage 3, userpage 3, subpage 3
structure       > sectioning > subsection @ level 4 : 0.0.1.7 -> Technical Experience

Overfull \hbox (7.02754pt too wide) in paragraph at lines 419--422
 []<1: texgyreheros-regular @ 11.0pt> Epi-dose: A privacy-preserving epi-demic dosime-ter based on con-tact trac-ing <10: texgyreheros-bold @ 11.0pt> Repos-
structure       > sectioning > subsection @ level 4 : 0.0.1.8 -> Grands, Awards, Achievements, Languages, and Living Abroad
pages           > flushing realpage 4, userpage 4, subpage 4
structure       > sectioning > subsection @ level 4 : 0.0.1.9 -> My Academic Genealogy Tree
pages           > flushing realpage 5, userpage 5, subpage 5
close source    > level 2, order 4, name 'web/index_academia.tex'
close source    > level 1, order 4, name '/usr/share/texmf/tex/context/base/mkiv/cont-yes.mkiv'

mkiv lua stats  > used config file: /usr/share/texmf/web2c/texmfcnf.lua;/usr/share/texlive/texmf-dist/web2c/texmfcnf.lua
mkiv lua stats  > used cache path: readable: '/var/lib/texmf/luatex-cache/context/b47c3d3cee7cb6c86268d0595268c442' | readable+writable: '/home/sgeorgiou/.texlive2020/texmf-var/luatex-cache/context/b47c3d3cee7cb6c86268d0595268c442'
mkiv lua stats  > resource resolver: loadtime 0.009 seconds, 0 scans with scantime 0.000 seconds, 0 shared scans, 16 found files, scanned paths: <none>
mkiv lua stats  > stored bytecode data: 450 modules (0.128 sec), 93 tables (0.008 sec), 543 chunks (0.136 sec)
mkiv lua stats  > traced context: maxstack: 1398, freed: 0, unreachable: 1398
mkiv lua stats  > cleaned up reserved nodes: 65 nodes, 9 lists of 442
mkiv lua stats  > node memory usage: 14 attribute, 4 attribute_list, 1 glue, 51 glue_spec, 3 kern, 2 penalty, 2 temp, 2 user_defined
mkiv lua stats  > node list callback tasks: 8 unique task lists, 7 instances (re)created, 1209 calls
mkiv lua stats  > h-node processing time: 0.014 seconds including kernel
mkiv lua stats  > used backend: pdf (backend for directly generating pdf output)
mkiv lua stats  > jobdata time: 0.002 seconds saving, 0.000 seconds loading
mkiv lua stats  > callbacks: internal: 2217, file: 970, direct: 2, late: 119, function 1613, total: 4921 (1230 per page)
mkiv lua stats  > randomizer: resumed with value 0.71044488577172
mkiv lua stats  > result saved in file: web/index_academia.pdf.pdf, compresslevel 3, objectcompresslevel 1
mkiv lua stats  > loaded patterns: en::1, load time: 0.000
mkiv lua stats  > interactive elements: 77 references, 32 destinations
mkiv lua stats  > loaded fonts: 6 files: latinmodern-math.otf, lmmono10-regular.otf, texgyreheros-bold.otf, texgyreheros-bolditalic.otf, texgyreheros-italic.otf, texgyreheros-regular.otf
mkiv lua stats  > font engine: otf 3.111, afm 1.513, tfm 1.000, 15 instances, 7 shared in backend, 3 common vectors, 4 common hashes, load time 0.131 seconds 
mkiv lua stats  > pdf annotations: 77 links (77 unique), 0 special
mkiv lua stats  > used platform: linux-64, type: unix, binary subtree: usr
mkiv lua stats  > used engine: luatex version: 1.12, functionality level: 7306, banner: this is luatex, version 1.12.0 (tex live 2020/debian)
mkiv lua stats  > control sequences: 46213 of 65536 + 100000
mkiv lua stats  > lua properties: engine: lua 5.3, used memory: 97 MB, ctx: 96 MB, max: unknown MB, hash chars: min(64,40), symbol mask: utf (τεχ)
mkiv lua stats  > runtime: 0.399 seconds, 5 processed pages, 5 shipped pages, 12.531 pages/second
mtx-context     |
mtx-context     | results are to be on the running path, not on 'web', ignoring --result
mtx-context     |
system          | total runtime: 0.580 seconds

