
mtx-context     | run 1: luatex --fmt="/var/lib/texmf/luatex-cache/context/b47c3d3cee7cb6c86268d0595268c442/formats/luatex/cont-en" --jobname="index" --lua="/var/lib/texmf/luatex-cache/context/b47c3d3cee7cb6c86268d0595268c442/formats/luatex/cont-en.lui" --no-parse-first-line --c:currentrun=1 --c:fulljobname="web/index.tex" --c:input="web/index.tex" --c:kindofrun=1 --c:maxnofruns=9 --c:result="web/index.pdf" "cont-yes.mkiv"
This is LuaTeX, Version 1.0.4 (TeX Live 2017/Debian) 
 system commands enabled.
open source     > level 1, order 1, name '/usr/share/texmf/tex/context/base/mkiv/cont-yes.mkiv'
system          > 
system          > ConTeXt  ver: 2017.05.15 21:48 MKIV beta  fmt: 2020.1.15  int: english/english
system          > 
system          > 'cont-new.mkiv' loaded
open source     > level 2, order 2, name '/usr/share/texmf/tex/context/base/mkiv/cont-new.mkiv'
close source    > level 2, order 2, name '/usr/share/texmf/tex/context/base/mkiv/cont-new.mkiv'
system          > files > jobname 'index', input 'web/index', result 'web/index.pdf'
fonts           > latin modern fonts are not preloaded
languages       > language 'en' is active
open source     > level 2, order 3, name 'web/index.tex'
colors          > defining > unknown library 'hex'
open source     > level 3, order 4, name '/usr/share/texmf/tex/context/fonts/mkiv/type-imp-texgyre.mkiv'
close source    > level 3, order 4, name '/usr/share/texmf/tex/context/fonts/mkiv/type-imp-texgyre.mkiv'
structure       > sectioning > section @ level 3 : 0.0.1 -> Stefanos Georgiou
structure       > sectioning > subsection @ level 4 : 0.0.1.1 -> Education
structure       > sectioning > subsection @ level 4 : 0.0.1.2 -> Research Publications
backend         > xmp > using file '/usr/share/texmf/tex/context/base/mkiv/lpdf-pdx.xml'
pages           > flushing realpage 1, userpage 1, subpage 1

Overfull \hbox (8.54716pt too wide) in paragraph at lines 172--178
 [][][] \3>helvetica-11pt-ss-bf-0--0 Ste-fanos Geor-giou \3>helvetica-11pt-ss-tf-0--0 and Dio-midis Spinel-lis. Energy-Delay In-ves-ti-ga-tion of Re-mote Inter-Process
structure       > sectioning > subsection @ level 4 : 0.0.1.3 -> Invited Talks
structure       > sectioning > subsection @ level 4 : 0.0.1.4 -> Organization Services
structure       > sectioning > subsection @ level 4 : 0.0.1.5 -> Teaching Experience
structure       > sectioning > subsection @ level 4 : 0.0.1.6 -> Industrial Experience

Overfull \hbox (11.68071pt too wide) in paragraph at lines 236--239
 []\3>helvetica-11pt-ss-bf-0--0 Back-end de-vel-oper, De-vOps, and In-te-gra-tions: All-Can-Code Inc. Greek Branch 
structure       > sectioning > subsection @ level 4 : 0.0.1.7 -> Technical Experience
pages           > flushing realpage 2, userpage 2

Overfull \hbox (6.9698pt too wide) in paragraph at lines 290--293
 []\3>helvetica-11pt-ss-tf-0--0 Epi-dose: A privacy-preserving epi-demic dosime-ter based on con-tact trac-ing \3>helvetica-11pt-ss-bf-0--0 Repos-
structure       > sectioning > subsection @ level 4 : 0.0.1.8 -> Grands, Awards, Languages, and Living Abroad
pages           > flushing realpage 3, userpage 3
pages           > flushing realpage 4, userpage 4
close source    > level 2, order 4, name 'web/index.tex'
close source    > level 1, order 4, name '/usr/share/texmf/tex/context/base/mkiv/cont-yes.mkiv'

mkiv lua stats  > used config file: /usr/share/texmf/web2c/texmfcnf.lua;/usr/share/texlive/texmf-dist/web2c/texmfcnf.lua
mkiv lua stats  > used cache path: readable: '/var/lib/texmf/luatex-cache/context/b47c3d3cee7cb6c86268d0595268c442' | readable+writable: '/home/sgeorgiou/.texlive2017/texmf-var/luatex-cache/context/b47c3d3cee7cb6c86268d0595268c442'
mkiv lua stats  > resource resolver: loadtime 0.071 seconds, 0 scans with scantime 0.000 seconds, 0 shared scans, 14 found files, scanned paths: <none>
mkiv lua stats  > stored bytecode data: 404 modules (0.253 sec), 91 tables (0.009 sec), 495 chunks (0.262 sec)
mkiv lua stats  > traced context: maxstack: 1231, freed: 0, unreachable: 1231
mkiv lua stats  > cleaned up reserved nodes: 58 nodes, 9 lists of 447
mkiv lua stats  > node memory usage: 2 glue, 2 penalty, 12 attribute, 49 glue_spec, 3 attribute_list, 2 temp, 2 user_defined
mkiv lua stats  > node list callback tasks: 7 unique task lists, 8 instances (re)created, 800 calls
mkiv lua stats  > h-node processing time: 0.019 seconds including kernel
mkiv lua stats  > used backend: pdf (backend for directly generating pdf output)
mkiv lua stats  > jobdata time: 0.002 seconds saving, 0.001 seconds loading
mkiv lua stats  > callbacks: 1475 direct, 929 indirect, 2404 total
mkiv lua stats  > randomizer: resumed with value 0.28677987460363
mkiv lua stats  > loaded patterns: en::2, load time: 0.000
mkiv lua stats  > interactive elements: 45 references, 23 destinations
mkiv lua stats  > result saved in file: web/index.pdf.pdf, compresslevel 3, objectcompresslevel 3
mkiv lua stats  > loaded fonts: 6 files: latinmodern-math.otf, lmmono10-regular.otf, texgyreheros-bold.otf, texgyreheros-bolditalic.otf, texgyreheros-italic.otf, texgyreheros-regular.otf
mkiv lua stats  > font engine: otf 3.029, afm 1.512, tfm 1.000, 12 instances, 4 shared in backend, 0 common vectors, 4 common hashes, load time 0.190 seconds 
mkiv lua stats  > pdf annotations: 45 links (45 unique), 0 special
mkiv lua stats  > used platform: linux-64, type: unix, binary subtree: usr
mkiv lua stats  > luatex banner: this is luatex, version 1.0.4 (tex live 2017/debian)
mkiv lua stats  > control sequences: 45401 of 65536 + 100000
mkiv lua stats  > lua properties: engine: lua, used memory: 96 MB (ctx: 95 MB), hash type: lua, hash chars: min(64,40), symbol mask: utf (τεχ)
mkiv lua stats  > runtime: 0.672 seconds, 4 processed pages, 4 shipped pages, 5.952 pages/second

mtx-context     | run 2: luatex --fmt="/var/lib/texmf/luatex-cache/context/b47c3d3cee7cb6c86268d0595268c442/formats/luatex/cont-en" --jobname="index" --lua="/var/lib/texmf/luatex-cache/context/b47c3d3cee7cb6c86268d0595268c442/formats/luatex/cont-en.lui" --no-parse-first-line --c:currentrun=2 --c:fulljobname="web/index.tex" --c:input="web/index.tex" --c:kindofrun=2 --c:maxnofruns=9 --c:result="web/index.pdf" "cont-yes.mkiv"
This is LuaTeX, Version 1.0.4 (TeX Live 2017/Debian) 
 system commands enabled.
open source     > level 1, order 1, name '/usr/share/texmf/tex/context/base/mkiv/cont-yes.mkiv'
system          > 
system          > ConTeXt  ver: 2017.05.15 21:48 MKIV beta  fmt: 2020.1.15  int: english/english
system          > 
system          > 'cont-new.mkiv' loaded
open source     > level 2, order 2, name '/usr/share/texmf/tex/context/base/mkiv/cont-new.mkiv'
close source    > level 2, order 2, name '/usr/share/texmf/tex/context/base/mkiv/cont-new.mkiv'
system          > files > jobname 'index', input 'web/index', result 'web/index.pdf'
fonts           > latin modern fonts are not preloaded
languages       > language 'en' is active
open source     > level 2, order 3, name 'web/index.tex'
colors          > defining > unknown library 'hex'
open source     > level 3, order 4, name '/usr/share/texmf/tex/context/fonts/mkiv/type-imp-texgyre.mkiv'
close source    > level 3, order 4, name '/usr/share/texmf/tex/context/fonts/mkiv/type-imp-texgyre.mkiv'
structure       > sectioning > section @ level 3 : 0.0.1 -> Stefanos Georgiou
structure       > sectioning > subsection @ level 4 : 0.0.1.1 -> Education
structure       > sectioning > subsection @ level 4 : 0.0.1.2 -> Research Publications
backend         > xmp > using file '/usr/share/texmf/tex/context/base/mkiv/lpdf-pdx.xml'
pages           > flushing realpage 1, userpage 1, subpage 1

Overfull \hbox (8.54716pt too wide) in paragraph at lines 172--178
 [][][] \3>helvetica-11pt-ss-bf-0--0 Ste-fanos Geor-giou \3>helvetica-11pt-ss-tf-0--0 and Dio-midis Spinel-lis. Energy-Delay In-ves-ti-ga-tion of Re-mote Inter-Process
structure       > sectioning > subsection @ level 4 : 0.0.1.3 -> Invited Talks
structure       > sectioning > subsection @ level 4 : 0.0.1.4 -> Organization Services
structure       > sectioning > subsection @ level 4 : 0.0.1.5 -> Teaching Experience
structure       > sectioning > subsection @ level 4 : 0.0.1.6 -> Industrial Experience

Overfull \hbox (11.68071pt too wide) in paragraph at lines 236--239
 []\3>helvetica-11pt-ss-bf-0--0 Back-end de-vel-oper, De-vOps, and In-te-gra-tions: All-Can-Code Inc. Greek Branch 
structure       > sectioning > subsection @ level 4 : 0.0.1.7 -> Technical Experience
pages           > flushing realpage 2, userpage 2

Overfull \hbox (6.9698pt too wide) in paragraph at lines 290--293
 []\3>helvetica-11pt-ss-tf-0--0 Epi-dose: A privacy-preserving epi-demic dosime-ter based on con-tact trac-ing \3>helvetica-11pt-ss-bf-0--0 Repos-
structure       > sectioning > subsection @ level 4 : 0.0.1.8 -> Grands, Awards, Languages, and Living Abroad
pages           > flushing realpage 3, userpage 3
pages           > flushing realpage 4, userpage 4
close source    > level 2, order 4, name 'web/index.tex'
close source    > level 1, order 4, name '/usr/share/texmf/tex/context/base/mkiv/cont-yes.mkiv'

mkiv lua stats  > used config file: /usr/share/texmf/web2c/texmfcnf.lua;/usr/share/texlive/texmf-dist/web2c/texmfcnf.lua
mkiv lua stats  > used cache path: readable: '/var/lib/texmf/luatex-cache/context/b47c3d3cee7cb6c86268d0595268c442' | readable+writable: '/home/sgeorgiou/.texlive2017/texmf-var/luatex-cache/context/b47c3d3cee7cb6c86268d0595268c442'
mkiv lua stats  > resource resolver: loadtime 0.121 seconds, 0 scans with scantime 0.000 seconds, 0 shared scans, 14 found files, scanned paths: <none>
mkiv lua stats  > stored bytecode data: 404 modules (0.374 sec), 91 tables (0.012 sec), 495 chunks (0.386 sec)
mkiv lua stats  > traced context: maxstack: 1231, freed: 0, unreachable: 1231
mkiv lua stats  > cleaned up reserved nodes: 58 nodes, 9 lists of 447
mkiv lua stats  > node memory usage: 2 glue, 2 penalty, 12 attribute, 49 glue_spec, 3 attribute_list, 2 temp, 2 user_defined
mkiv lua stats  > node list callback tasks: 7 unique task lists, 8 instances (re)created, 800 calls
mkiv lua stats  > h-node processing time: 0.021 seconds including kernel
mkiv lua stats  > used backend: pdf (backend for directly generating pdf output)
mkiv lua stats  > jobdata time: 0.002 seconds saving, 0.001 seconds loading
mkiv lua stats  > callbacks: 1475 direct, 929 indirect, 2404 total
mkiv lua stats  > randomizer: resumed with value 0.28677987460363
mkiv lua stats  > loaded patterns: en::2, load time: 0.000
mkiv lua stats  > interactive elements: 45 references, 23 destinations
mkiv lua stats  > result saved in file: web/index.pdf.pdf, compresslevel 3, objectcompresslevel 3
mkiv lua stats  > loaded fonts: 6 files: latinmodern-math.otf, lmmono10-regular.otf, texgyreheros-bold.otf, texgyreheros-bolditalic.otf, texgyreheros-italic.otf, texgyreheros-regular.otf
mkiv lua stats  > font engine: otf 3.029, afm 1.512, tfm 1.000, 12 instances, 4 shared in backend, 0 common vectors, 4 common hashes, load time 0.179 seconds 
mkiv lua stats  > pdf annotations: 45 links (45 unique), 0 special
mkiv lua stats  > used platform: linux-64, type: unix, binary subtree: usr
mkiv lua stats  > luatex banner: this is luatex, version 1.0.4 (tex live 2017/debian)
mkiv lua stats  > control sequences: 45400 of 65536 + 100000
mkiv lua stats  > lua properties: engine: lua, used memory: 114 MB (ctx: 113 MB), hash type: lua, hash chars: min(64,40), symbol mask: utf (τεχ)
mkiv lua stats  > runtime: 0.781 seconds, 4 processed pages, 4 shipped pages, 5.122 pages/second

mtx-context     | result renamed to: web/index
system          | total runtime: 2.071 seconds
