open source     > level 1, order 1, name '/usr/share/texmf/tex/context/base/mkiv/cont-yes.mkiv'
system          > 
system          > ConTeXt  ver: 2017.05.15 21:48 MKIV beta  fmt: 2020.1.15  int: english/english
system          > 
system          > 'cont-new.mkiv' loaded
open source     > level 2, order 2, name '/usr/share/texmf/tex/context/base/mkiv/cont-new.mkiv'
close source    > level 2, order 2, name '/usr/share/texmf/tex/context/base/mkiv/cont-new.mkiv'
system          > files > jobname 'index', input 'web/index', result 'web/index.pdf'
fonts           > latin modern fonts are not preloaded
languages       > language 'en' is active
open source     > level 2, order 3, name 'web/index.tex'
colors          > defining > unknown library 'hex'
open source     > level 3, order 4, name '/usr/share/texmf/tex/context/fonts/mkiv/type-imp-texgyre.mkiv'
close source    > level 3, order 4, name '/usr/share/texmf/tex/context/fonts/mkiv/type-imp-texgyre.mkiv'
structure       > sectioning > section @ level 3 : 0.0.1 -> Stefanos Georgiou
structure       > sectioning > subsection @ level 4 : 0.0.1.1 -> Education
structure       > sectioning > subsection @ level 4 : 0.0.1.2 -> Research Publications

Overfull \hbox (8.54716pt too wide) in paragraph at lines 168--174
 [][][] \3>helvetica-11pt-ss-bf-0--0 Ste-fanos Geor-giou \3>helvetica-11pt-ss-tf-0--0 and Dio-midis Spinel-lis. Energy-Delay In-ves-ti-ga-tion of Re-mote Inter-Process

\hbox(11.62027+4.51897)x483.69687, glue set - 1.0, direction TLT
.\glue(\leftskip) 33.0
.\localpar
..\localinterlinepenalty=0
..\localbrokenpenalty=0
..\localleftbox=null
..\localrightbox=null
.\hbox(0.0+0.0)x0.0, direction TLT
.\hbox(11.62027+4.51897)x0.0, glue set - 16.5fil, direction TLT
..\glue 0.0 plus 1.0fil minus 1.0fil
..\hbox(11.62027+4.51897)x16.5, direction TLT
...\hbox(11.62027+4.51897)x16.5, glue set 6.65836fil, direction TLT []
.\hbox(11.62027+4.51897)x0.0, direction TLT
.etc.

backend         > xmp > using file '/usr/share/texmf/tex/context/base/mkiv/lpdf-pdx.xml'
pages           > flushing realpage 1, userpage 1, subpage 1
structure       > sectioning > subsection @ level 4 : 0.0.1.3 -> Invited Talks
structure       > sectioning > subsection @ level 4 : 0.0.1.4 -> Organization Services
structure       > sectioning > subsection @ level 4 : 0.0.1.5 -> Teaching Experience
structure       > sectioning > subsection @ level 4 : 0.0.1.6 -> Industrial Experience

Overfull \hbox (11.68071pt too wide) in paragraph at lines 228--231
 []\3>helvetica-11pt-ss-bf-0--0 Back-end de-vel-oper, De-vOps, and In-te-gra-tions: All-Can-Code Inc. Greek Branch 

\hbox(11.62027+4.51897)x483.69687, glue set - 1.0, direction TLT
.\glue(\leftskip) 91.0488
.\localpar
..\localinterlinepenalty=0
..\localbrokenpenalty=0
..\localleftbox=null
..\localrightbox=null
.\hbox(11.62027+4.51897)x0.0, glue set - 91.0488fil, direction TLT
..\glue 0.0 plus 1.0fil minus 1.0fil
..\hbox(11.62027+4.51897)x91.0488, direction TLT
...\hbox(11.62027+4.51897)x91.0488, glue set 39.83385fil, direction TLT []
.\penalty 10000
.\3>helvetica-11pt-ss-bf-0--0 B
.etc.

structure       > sectioning > subsection @ level 4 : 0.0.1.7 -> Technical Experience
pages           > flushing realpage 2, userpage 2
structure       > sectioning > subsection @ level 4 : 0.0.1.8 -> Grands, Awards, Languages, and Living Abroad
pages           > flushing realpage 3, userpage 3
pages           > flushing realpage 4, userpage 4
close source    > level 2, order 4, name 'web/index.tex'
close source    > level 1, order 4, name '/usr/share/texmf/tex/context/base/mkiv/cont-yes.mkiv'

system          > structure > start used structure

used structure  > text: index

system          > structure > stop used structure


system          > files > start used files

used file       >    1: filename=cont-yes.mkiv filetype=tex foundname=/usr/share/texmf/tex/context/base/mkiv/cont-yes.mkiv usedmethod=database
used file       >    2: filename=publ-imp-default.lua filetype=lua foundname=/usr/share/texmf/tex/context/base/mkiv/publ-imp-default.lua usedmethod=database
used file       >    3: filename=cont-new.mkiv filetype=tex foundname=/usr/share/texmf/tex/context/base/mkiv/cont-new.mkiv usedmethod=database
used file       >    4: filename=lang-us.lua filetype=lua foundname=/usr/share/texmf/tex/context/patterns/mkiv/lang-us.lua usedmethod=database
used file       >    5: filename=web/index.tex foundname=web/index.tex usedmethod=direct
used file       >    6: filename=type-imp-texgyre.mkiv filetype=tex foundname=/usr/share/texmf/tex/context/fonts/mkiv/type-imp-texgyre.mkiv usedmethod=database
used file       >    7: filename=lm.lfg filetype=tex foundname=/usr/share/texmf/tex/context/fonts/mkiv/lm.lfg usedmethod=database
used file       >    8: filename=texgyreheros-regular filetype=otf format=otf foundname=/usr/share/texmf/fonts/opentype/public/tex-gyre/texgyreheros-regular.otf usedmethod=database
used file       >    9: filename=latinmodern-math.otf filetype=opentypefonts foundname=/usr/share/texmf/fonts/opentype/public/lm-math/latinmodern-math.otf usedmethod=database
used file       >   10: filename=texgyreheros-bold filetype=otf format=otf foundname=/usr/share/texmf/fonts/opentype/public/tex-gyre/texgyreheros-bold.otf usedmethod=database
used file       >   11: filename=texgyreheros-italic filetype=otf format=otf foundname=/usr/share/texmf/fonts/opentype/public/tex-gyre/texgyreheros-italic.otf usedmethod=database
used file       >   12: filename=lpdf-pdx.xml filetype=tex foundname=/usr/share/texmf/tex/context/base/mkiv/lpdf-pdx.xml usedmethod=database
used file       >   13: filename=texgyreheros-bolditalic filetype=otf format=otf foundname=/usr/share/texmf/fonts/opentype/public/tex-gyre/texgyreheros-bolditalic.otf usedmethod=database

system          > files > stop used files


system          > options > start commandline options

used option     > currentrun="2"
used option     > fulljobname="web/index.tex"
used option     > input="web/index.tex"
used option     > kindofrun="2"
used option     > maxnofruns="9"
used option     > no-parse-first-line="true"
used option     > result="web/index.pdf"

system          > options > stop commandline options

system          > options > start commandline files

used file       >    1: web/index.tex

system          > options > stop commandline files


mkiv lua stats  > used config file: /usr/share/texmf/web2c/texmfcnf.lua;/usr/share/texlive/texmf-dist/web2c/texmfcnf.lua
mkiv lua stats  > used cache path: readable: '/var/lib/texmf/luatex-cache/context/b47c3d3cee7cb6c86268d0595268c442' | readable+writable: '/home/sgeorgiou/.texlive2017/texmf-var/luatex-cache/context/b47c3d3cee7cb6c86268d0595268c442'
mkiv lua stats  > resource resolver: loadtime 0.074 seconds, 0 scans with scantime 0.000 seconds, 0 shared scans, 13 found files, scanned paths: <none>
mkiv lua stats  > stored bytecode data: 404 modules (0.251 sec), 91 tables (0.009 sec), 495 chunks (0.259 sec)
mkiv lua stats  > traced context: maxstack: 1231, freed: 0, unreachable: 1231
mkiv lua stats  > cleaned up reserved nodes: 58 nodes, 9 lists of 447
mkiv lua stats  > node memory usage: 2 glue, 2 penalty, 12 attribute, 49 glue_spec, 3 attribute_list, 2 temp, 2 user_defined
mkiv lua stats  > node list callback tasks: 7 unique task lists, 8 instances (re)created, 755 calls
mkiv lua stats  > h-node processing time: 0.014 seconds including kernel
mkiv lua stats  > used backend: pdf (backend for directly generating pdf output)
mkiv lua stats  > jobdata time: 0.001 seconds saving, 0.001 seconds loading
mkiv lua stats  > callbacks: 1384 direct, 909 indirect, 2293 total
mkiv lua stats  > randomizer: resumed with value 0.28677987460363
mkiv lua stats  > loaded patterns: en::2, load time: 0.000
mkiv lua stats  > interactive elements: 40 references, 22 destinations
mkiv lua stats  > result saved in file: web/index.pdf.pdf, compresslevel 3, objectcompresslevel 3
mkiv lua stats  > loaded fonts: 5 files: latinmodern-math.otf, texgyreheros-bold.otf, texgyreheros-bolditalic.otf, texgyreheros-italic.otf, texgyreheros-regular.otf
mkiv lua stats  > font engine: otf 3.029, afm 1.512, tfm 1.000, 11 instances, 4 shared in backend, 0 common vectors, 4 common hashes, load time 0.130 seconds 
mkiv lua stats  > pdf annotations: 40 links (40 unique), 0 special
mkiv lua stats  > used platform: linux-64, type: unix, binary subtree: usr
mkiv lua stats  > luatex banner: this is luatex, version 1.0.4 (tex live 2017/debian)
mkiv lua stats  > control sequences: 45396 of 65536 + 100000
mkiv lua stats  > lua properties: engine: lua, used memory: 113 MB (ctx: 112 MB), hash type: lua, hash chars: min(64,40), symbol mask: utf (τεχ)
mkiv lua stats  > runtime: 0.541 seconds, 4 processed pages, 4 shipped pages, 7.394 pages/second

